{"/Users/sbose6/Documents/banking-assignment/src/App.tsx": {"path":"/Users/sbose6/Documents/banking-assignment/src/App.tsx","statementMap":{"0":{"start":{"line":14,"column":2},"end":{"line":27,"column":4}}},"fnMap":{"0":{"name":"App","decl":{"start":{"line":12,"column":9},"end":{"line":12,"column":12}},"loc":{"start":{"line":12,"column":15},"end":{"line":28,"column":1}},"line":12}},"branchMap":{},"s":{"0":1},"f":{"0":1},"b":{},"_coverageSchema":"1a1c01bbd47fc00a2c39e90264f33305004495a9","hash":"11fa5ffa13af3571b4c0496254d0dda179687559"}
,"/Users/sbose6/Documents/banking-assignment/src/index.tsx": {"path":"/Users/sbose6/Documents/banking-assignment/src/index.tsx","statementMap":{"0":{"start":{"line":14,"column":13},"end":{"line":16,"column":1}},"1":{"start":{"line":17,"column":0},"end":{"line":19,"column":2}},"2":{"start":{"line":26,"column":0},"end":{"line":26,"column":18}}},"fnMap":{},"branchMap":{},"s":{"0":0,"1":0,"2":0},"f":{},"b":{}}
,"/Users/sbose6/Documents/banking-assignment/src/jest.config.js": {"path":"/Users/sbose6/Documents/banking-assignment/src/jest.config.js","statementMap":{"0":{"start":{"line":1,"column":0},"end":{"line":4,"column":4}}},"fnMap":{},"branchMap":{},"s":{"0":0},"f":{},"b":{}}
,"/Users/sbose6/Documents/banking-assignment/src/reportWebVitals.ts": {"path":"/Users/sbose6/Documents/banking-assignment/src/reportWebVitals.ts","statementMap":{"0":{"start":{"line":3,"column":24},"end":{"line":13,"column":1}},"1":{"start":{"line":4,"column":2},"end":{"line":12,"column":3}},"2":{"start":{"line":5,"column":4},"end":{"line":11,"column":7}},"3":{"start":{"line":6,"column":6},"end":{"line":6,"column":26}},"4":{"start":{"line":7,"column":6},"end":{"line":7,"column":26}},"5":{"start":{"line":8,"column":6},"end":{"line":8,"column":26}},"6":{"start":{"line":9,"column":6},"end":{"line":9,"column":26}},"7":{"start":{"line":10,"column":6},"end":{"line":10,"column":27}}},"fnMap":{"0":{"name":"(anonymous_0)","decl":{"start":{"line":3,"column":24},"end":{"line":3,"column":25}},"loc":{"start":{"line":3,"column":57},"end":{"line":13,"column":1}},"line":3},"1":{"name":"(anonymous_1)","decl":{"start":{"line":5,"column":30},"end":{"line":5,"column":31}},"loc":{"start":{"line":5,"column":79},"end":{"line":11,"column":5}},"line":5}},"branchMap":{"0":{"loc":{"start":{"line":4,"column":2},"end":{"line":12,"column":3}},"type":"if","locations":[{"start":{"line":4,"column":2},"end":{"line":12,"column":3}},{"start":{},"end":{}}],"line":4},"1":{"loc":{"start":{"line":4,"column":6},"end":{"line":4,"column":52}},"type":"binary-expr","locations":[{"start":{"line":4,"column":6},"end":{"line":4,"column":17}},{"start":{"line":4,"column":21},"end":{"line":4,"column":52}}],"line":4}},"s":{"0":0,"1":0,"2":0,"3":0,"4":0,"5":0,"6":0,"7":0},"f":{"0":0,"1":0},"b":{"0":[0,0],"1":[0,0]}}
,"/Users/sbose6/Documents/banking-assignment/src/Actions/Actions.tsx": {"path":"/Users/sbose6/Documents/banking-assignment/src/Actions/Actions.tsx","statementMap":{"0":{"start":{"line":6,"column":27},"end":{"line":11,"column":1}},"1":{"start":{"line":8,"column":4},"end":{"line":10,"column":5}},"2":{"start":{"line":13,"column":20},"end":{"line":20,"column":1}},"3":{"start":{"line":15,"column":4},"end":{"line":18,"column":5}},"4":{"start":{"line":22,"column":23},"end":{"line":28,"column":1}},"5":{"start":{"line":24,"column":4},"end":{"line":27,"column":5}},"6":{"start":{"line":30,"column":20},"end":{"line":36,"column":1}},"7":{"start":{"line":32,"column":4},"end":{"line":35,"column":5}}},"fnMap":{"0":{"name":"(anonymous_0)","decl":{"start":{"line":6,"column":27},"end":{"line":6,"column":28}},"loc":{"start":{"line":7,"column":0},"end":{"line":11,"column":1}},"line":7},"1":{"name":"(anonymous_1)","decl":{"start":{"line":13,"column":20},"end":{"line":13,"column":21}},"loc":{"start":{"line":14,"column":0},"end":{"line":20,"column":1}},"line":14},"2":{"name":"(anonymous_2)","decl":{"start":{"line":22,"column":23},"end":{"line":22,"column":24}},"loc":{"start":{"line":23,"column":0},"end":{"line":28,"column":1}},"line":23},"3":{"name":"(anonymous_3)","decl":{"start":{"line":30,"column":20},"end":{"line":30,"column":21}},"loc":{"start":{"line":31,"column":0},"end":{"line":36,"column":1}},"line":31}},"branchMap":{},"s":{"0":1,"1":1,"2":1,"3":0,"4":1,"5":0,"6":1,"7":0},"f":{"0":1,"1":0,"2":0,"3":0},"b":{},"_coverageSchema":"1a1c01bbd47fc00a2c39e90264f33305004495a9","hash":"9cf058052494ec9eb1c3eb52dc076f02e0d98697"}
,"/Users/sbose6/Documents/banking-assignment/src/Actions/constant.tsx": {"path":"/Users/sbose6/Documents/banking-assignment/src/Actions/constant.tsx","statementMap":{"0":{"start":{"line":1,"column":20},"end":{"line":1,"column":28}},"1":{"start":{"line":2,"column":19},"end":{"line":2,"column":26}},"2":{"start":{"line":3,"column":19},"end":{"line":3,"column":26}},"3":{"start":{"line":4,"column":22},"end":{"line":4,"column":32}},"4":{"start":{"line":5,"column":22},"end":{"line":5,"column":32}},"5":{"start":{"line":6,"column":27},"end":{"line":6,"column":42}},"6":{"start":{"line":7,"column":21},"end":{"line":7,"column":30}}},"fnMap":{},"branchMap":{},"s":{"0":1,"1":1,"2":1,"3":1,"4":1,"5":1,"6":1},"f":{},"b":{},"_coverageSchema":"1a1c01bbd47fc00a2c39e90264f33305004495a9","hash":"1e5b635b0716daeb6c1cdfc1610fa187cb92c208"}
,"/Users/sbose6/Documents/banking-assignment/src/Components/SideNav.tsx": {"path":"/Users/sbose6/Documents/banking-assignment/src/Components/SideNav.tsx","statementMap":{"0":{"start":{"line":12,"column":16},"end":{"line":37,"column":1}},"1":{"start":{"line":14,"column":20},"end":{"line":14,"column":61}},"2":{"start":{"line":14,"column":47},"end":{"line":14,"column":60}},"3":{"start":{"line":15,"column":17},"end":{"line":15,"column":62}},"4":{"start":{"line":15,"column":44},"end":{"line":15,"column":61}},"5":{"start":{"line":17,"column":19},"end":{"line":17,"column":32}},"6":{"start":{"line":18,"column":4},"end":{"line":18,"column":24}},"7":{"start":{"line":19,"column":4},"end":{"line":19,"column":31}},"8":{"start":{"line":20,"column":4},"end":{"line":36,"column":6}},"9":{"start":{"line":32,"column":56},"end":{"line":32,"column":75}},"10":{"start":{"line":33,"column":56},"end":{"line":33,"column":74}}},"fnMap":{"0":{"name":"(anonymous_0)","decl":{"start":{"line":12,"column":16},"end":{"line":12,"column":17}},"loc":{"start":{"line":12,"column":35},"end":{"line":37,"column":1}},"line":12},"1":{"name":"(anonymous_1)","decl":{"start":{"line":14,"column":32},"end":{"line":14,"column":33}},"loc":{"start":{"line":14,"column":47},"end":{"line":14,"column":60}},"line":14},"2":{"name":"(anonymous_2)","decl":{"start":{"line":15,"column":29},"end":{"line":15,"column":30}},"loc":{"start":{"line":15,"column":44},"end":{"line":15,"column":61}},"line":15},"3":{"name":"(anonymous_3)","decl":{"start":{"line":32,"column":50},"end":{"line":32,"column":51}},"loc":{"start":{"line":32,"column":56},"end":{"line":32,"column":75}},"line":32},"4":{"name":"(anonymous_4)","decl":{"start":{"line":33,"column":50},"end":{"line":33,"column":51}},"loc":{"start":{"line":33,"column":56},"end":{"line":33,"column":74}},"line":33}},"branchMap":{"0":{"loc":{"start":{"line":20,"column":39},"end":{"line":20,"column":69}},"type":"cond-expr","locations":[{"start":{"line":20,"column":56},"end":{"line":20,"column":64}},{"start":{"line":20,"column":67},"end":{"line":20,"column":69}}],"line":20}},"s":{"0":1,"1":2,"2":3,"3":2,"4":3,"5":2,"6":2,"7":2,"8":2,"9":0,"10":0},"f":{"0":2,"1":3,"2":3,"3":0,"4":0},"b":{"0":[0,2]},"_coverageSchema":"1a1c01bbd47fc00a2c39e90264f33305004495a9","hash":"9b9de89058dd9cc29b0e23aca73376e6d557ff06"}
,"/Users/sbose6/Documents/banking-assignment/src/Pages/Credit.tsx": {"path":"/Users/sbose6/Documents/banking-assignment/src/Pages/Credit.tsx","statementMap":{"0":{"start":{"line":22,"column":15},"end":{"line":102,"column":1}},"1":{"start":{"line":23,"column":19},"end":{"line":23,"column":32}},"2":{"start":{"line":24,"column":30},"end":{"line":24,"column":49}},"3":{"start":{"line":26,"column":23},"end":{"line":28,"column":3}},"4":{"start":{"line":27,"column":4},"end":{"line":27,"column":44}},"5":{"start":{"line":30,"column":18},"end":{"line":43,"column":3}},"6":{"start":{"line":32,"column":4},"end":{"line":39,"column":5}},"7":{"start":{"line":34,"column":6},"end":{"line":34,"column":103}},"8":{"start":{"line":35,"column":6},"end":{"line":35,"column":37}},"9":{"start":{"line":38,"column":6},"end":{"line":38,"column":20}},"10":{"start":{"line":41,"column":4},"end":{"line":41,"column":29}},"11":{"start":{"line":44,"column":2},"end":{"line":101,"column":4}},"12":{"start":{"line":48,"column":19},"end":{"line":48,"column":38}},"13":{"start":{"line":49,"column":8},"end":{"line":98,"column":10}},"14":{"start":{"line":71,"column":20},"end":{"line":71,"column":39}},"15":{"start":{"line":72,"column":36},"end":{"line":72,"column":86}},"16":{"start":{"line":73,"column":20},"end":{"line":75,"column":21}},"17":{"start":{"line":74,"column":22},"end":{"line":74,"column":36}}},"fnMap":{"0":{"name":"(anonymous_0)","decl":{"start":{"line":22,"column":15},"end":{"line":22,"column":16}},"loc":{"start":{"line":22,"column":21},"end":{"line":102,"column":1}},"line":22},"1":{"name":"(anonymous_1)","decl":{"start":{"line":26,"column":23},"end":{"line":26,"column":24}},"loc":{"start":{"line":26,"column":65},"end":{"line":28,"column":3}},"line":26},"2":{"name":"(anonymous_2)","decl":{"start":{"line":30,"column":18},"end":{"line":30,"column":19}},"loc":{"start":{"line":30,"column":36},"end":{"line":43,"column":3}},"line":30},"3":{"name":"(anonymous_3)","decl":{"start":{"line":47,"column":29},"end":{"line":47,"column":30}},"loc":{"start":{"line":47,"column":48},"end":{"line":99,"column":7}},"line":47},"4":{"name":"(anonymous_4)","decl":{"start":{"line":70,"column":28},"end":{"line":70,"column":29}},"loc":{"start":{"line":70,"column":35},"end":{"line":76,"column":19}},"line":70}},"branchMap":{"0":{"loc":{"start":{"line":73,"column":20},"end":{"line":75,"column":21}},"type":"if","locations":[{"start":{"line":73,"column":20},"end":{"line":75,"column":21}},{"start":{},"end":{}}],"line":73}},"s":{"0":1,"1":0,"2":0,"3":0,"4":0,"5":0,"6":0,"7":0,"8":0,"9":0,"10":0,"11":0,"12":0,"13":0,"14":0,"15":0,"16":0,"17":0},"f":{"0":0,"1":0,"2":0,"3":0,"4":0},"b":{"0":[0,0]},"_coverageSchema":"1a1c01bbd47fc00a2c39e90264f33305004495a9","hash":"16eca6a66d4c296b37b87ede1b9cd9565b2dff28"}
,"/Users/sbose6/Documents/banking-assignment/src/Pages/Debit.tsx": {"path":"/Users/sbose6/Documents/banking-assignment/src/Pages/Debit.tsx","statementMap":{"0":{"start":{"line":26,"column":14},"end":{"line":79,"column":1}},"1":{"start":{"line":27,"column":17},"end":{"line":27,"column":30}},"2":{"start":{"line":28,"column":29},"end":{"line":28,"column":48}},"3":{"start":{"line":30,"column":23},"end":{"line":34,"column":3}},"4":{"start":{"line":32,"column":5},"end":{"line":32,"column":44}},"5":{"start":{"line":35,"column":17},"end":{"line":48,"column":3}},"6":{"start":{"line":39,"column":6},"end":{"line":45,"column":7}},"7":{"start":{"line":40,"column":8},"end":{"line":40,"column":108}},"8":{"start":{"line":41,"column":8},"end":{"line":41,"column":39}},"9":{"start":{"line":44,"column":8},"end":{"line":44,"column":22}},"10":{"start":{"line":46,"column":6},"end":{"line":46,"column":28}},"11":{"start":{"line":49,"column":4},"end":{"line":77,"column":5}},"12":{"start":{"line":52,"column":25},"end":{"line":52,"column":44}},"13":{"start":{"line":53,"column":12},"end":{"line":73,"column":13}},"14":{"start":{"line":62,"column":34},"end":{"line":62,"column":53}},"15":{"start":{"line":62,"column":70},"end":{"line":62,"column":120}},"16":{"start":{"line":63,"column":20},"end":{"line":65,"column":21}},"17":{"start":{"line":64,"column":22},"end":{"line":64,"column":36}}},"fnMap":{"0":{"name":"(anonymous_0)","decl":{"start":{"line":26,"column":14},"end":{"line":26,"column":15}},"loc":{"start":{"line":26,"column":20},"end":{"line":79,"column":1}},"line":26},"1":{"name":"(anonymous_1)","decl":{"start":{"line":30,"column":23},"end":{"line":30,"column":24}},"loc":{"start":{"line":31,"column":2},"end":{"line":34,"column":3}},"line":31},"2":{"name":"(anonymous_2)","decl":{"start":{"line":35,"column":17},"end":{"line":35,"column":18}},"loc":{"start":{"line":36,"column":2},"end":{"line":48,"column":3}},"line":36},"3":{"name":"(anonymous_3)","decl":{"start":{"line":51,"column":35},"end":{"line":51,"column":36}},"loc":{"start":{"line":51,"column":53},"end":{"line":74,"column":11}},"line":51},"4":{"name":"(anonymous_4)","decl":{"start":{"line":62,"column":26},"end":{"line":62,"column":27}},"loc":{"start":{"line":62,"column":33},"end":{"line":65,"column":22}},"line":62}},"branchMap":{"0":{"loc":{"start":{"line":63,"column":20},"end":{"line":65,"column":21}},"type":"if","locations":[{"start":{"line":63,"column":20},"end":{"line":65,"column":21}},{"start":{},"end":{}}],"line":63}},"s":{"0":1,"1":0,"2":0,"3":0,"4":0,"5":0,"6":0,"7":0,"8":0,"9":0,"10":0,"11":0,"12":0,"13":0,"14":0,"15":0,"16":0,"17":0},"f":{"0":0,"1":0,"2":0,"3":0,"4":0},"b":{"0":[0,0]},"_coverageSchema":"1a1c01bbd47fc00a2c39e90264f33305004495a9","hash":"a34f3e45ca10787ac4316a9d5d58280a4146a6d1"}
,"/Users/sbose6/Documents/banking-assignment/src/Pages/Home.tsx": {"path":"/Users/sbose6/Documents/banking-assignment/src/Pages/Home.tsx","statementMap":{"0":{"start":{"line":18,"column":13},"end":{"line":86,"column":1}},"1":{"start":{"line":20,"column":42},"end":{"line":20,"column":57}},"2":{"start":{"line":21,"column":50},"end":{"line":21,"column":65}},"3":{"start":{"line":22,"column":19},"end":{"line":22,"column":32}},"4":{"start":{"line":23,"column":16},"end":{"line":23,"column":54}},"5":{"start":{"line":23,"column":43},"end":{"line":23,"column":53}},"6":{"start":{"line":24,"column":17},"end":{"line":24,"column":54}},"7":{"start":{"line":25,"column":4},"end":{"line":27,"column":6}},"8":{"start":{"line":26,"column":8},"end":{"line":26,"column":71}},"9":{"start":{"line":28,"column":4},"end":{"line":33,"column":36}},"10":{"start":{"line":29,"column":8},"end":{"line":32,"column":9}},"11":{"start":{"line":30,"column":12},"end":{"line":30,"column":36}},"12":{"start":{"line":31,"column":12},"end":{"line":31,"column":32}},"13":{"start":{"line":34,"column":29},"end":{"line":36,"column":5}},"14":{"start":{"line":35,"column":8},"end":{"line":35,"column":52}},"15":{"start":{"line":35,"column":40},"end":{"line":35,"column":50}},"16":{"start":{"line":37,"column":4},"end":{"line":37,"column":21}},"17":{"start":{"line":38,"column":4},"end":{"line":85,"column":5}},"18":{"start":{"line":69,"column":24},"end":{"line":76,"column":25}}},"fnMap":{"0":{"name":"(anonymous_0)","decl":{"start":{"line":18,"column":13},"end":{"line":18,"column":14}},"loc":{"start":{"line":19,"column":0},"end":{"line":86,"column":1}},"line":19},"1":{"name":"(anonymous_1)","decl":{"start":{"line":23,"column":28},"end":{"line":23,"column":29}},"loc":{"start":{"line":23,"column":43},"end":{"line":23,"column":53}},"line":23},"2":{"name":"(anonymous_2)","decl":{"start":{"line":25,"column":37},"end":{"line":25,"column":38}},"loc":{"start":{"line":25,"column":43},"end":{"line":27,"column":5}},"line":25},"3":{"name":"(anonymous_3)","decl":{"start":{"line":28,"column":14},"end":{"line":28,"column":15}},"loc":{"start":{"line":28,"column":20},"end":{"line":33,"column":5}},"line":28},"4":{"name":"(anonymous_4)","decl":{"start":{"line":34,"column":29},"end":{"line":34,"column":30}},"loc":{"start":{"line":34,"column":35},"end":{"line":36,"column":5}},"line":34},"5":{"name":"(anonymous_5)","decl":{"start":{"line":35,"column":27},"end":{"line":35,"column":28}},"loc":{"start":{"line":35,"column":40},"end":{"line":35,"column":50}},"line":35},"6":{"name":"(anonymous_6)","decl":{"start":{"line":68,"column":29},"end":{"line":68,"column":30}},"loc":{"start":{"line":68,"column":64},"end":{"line":77,"column":21}},"line":68}},"branchMap":{"0":{"loc":{"start":{"line":29,"column":8},"end":{"line":32,"column":9}},"type":"if","locations":[{"start":{"line":29,"column":8},"end":{"line":32,"column":9}},{"start":{},"end":{}}],"line":29},"1":{"loc":{"start":{"line":29,"column":12},"end":{"line":29,"column":45}},"type":"binary-expr","locations":[{"start":{"line":29,"column":12},"end":{"line":29,"column":29}},{"start":{"line":29,"column":33},"end":{"line":29,"column":45}}],"line":29}},"s":{"0":1,"1":2,"2":2,"3":2,"4":2,"5":3,"6":2,"7":2,"8":0,"9":2,"10":2,"11":1,"12":1,"13":2,"14":0,"15":0,"16":2,"17":2,"18":0},"f":{"0":2,"1":3,"2":0,"3":2,"4":0,"5":0,"6":0},"b":{"0":[1,1],"1":[2,2]},"_coverageSchema":"1a1c01bbd47fc00a2c39e90264f33305004495a9","hash":"e1a4d5df2e9cbab9dc3c675749144c574e0d6665"}
,"/Users/sbose6/Documents/banking-assignment/src/Reducers/Reducer.tsx": {"path":"/Users/sbose6/Documents/banking-assignment/src/Reducers/Reducer.tsx","statementMap":{"0":{"start":{"line":25,"column":22},"end":{"line":25,"column":54}},"1":{"start":{"line":26,"column":32},"end":{"line":30,"column":1}},"2":{"start":{"line":34,"column":16},"end":{"line":76,"column":1}},"3":{"start":{"line":36,"column":4},"end":{"line":74,"column":5}},"4":{"start":{"line":39,"column":7},"end":{"line":39,"column":30}},"5":{"start":{"line":40,"column":8},"end":{"line":43,"column":9}},"6":{"start":{"line":44,"column":8},"end":{"line":44,"column":14}},"7":{"start":{"line":52,"column":8},"end":{"line":52,"column":41}},"8":{"start":{"line":53,"column":33},"end":{"line":53,"column":63}},"9":{"start":{"line":54,"column":8},"end":{"line":54,"column":75}},"10":{"start":{"line":55,"column":8},"end":{"line":58,"column":9}},"11":{"start":{"line":62,"column":32},"end":{"line":62,"column":62}},"12":{"start":{"line":63,"column":8},"end":{"line":63,"column":73}},"13":{"start":{"line":64,"column":8},"end":{"line":67,"column":9}},"14":{"start":{"line":72,"column":8},"end":{"line":72,"column":20}}},"fnMap":{"0":{"name":"(anonymous_0)","decl":{"start":{"line":34,"column":16},"end":{"line":34,"column":17}},"loc":{"start":{"line":34,"column":89},"end":{"line":76,"column":1}},"line":34}},"branchMap":{"0":{"loc":{"start":{"line":28,"column":12},"end":{"line":28,"column":57}},"type":"cond-expr","locations":[{"start":{"line":28,"column":28},"end":{"line":28,"column":53}},{"start":{"line":28,"column":56},"end":{"line":28,"column":57}}],"line":28},"1":{"loc":{"start":{"line":34,"column":17},"end":{"line":34,"column":48}},"type":"default-arg","locations":[{"start":{"line":34,"column":36},"end":{"line":34,"column":48}}],"line":34},"2":{"loc":{"start":{"line":36,"column":4},"end":{"line":74,"column":5}},"type":"switch","locations":[{"start":{"line":38,"column":7},"end":{"line":44,"column":14}},{"start":{"line":50,"column":4},"end":{"line":58,"column":9}},{"start":{"line":61,"column":4},"end":{"line":67,"column":9}},{"start":{"line":70,"column":4},"end":{"line":72,"column":20}}],"line":36}},"s":{"0":1,"1":1,"2":1,"3":3,"4":1,"5":1,"6":0,"7":0,"8":0,"9":0,"10":0,"11":0,"12":0,"13":0,"14":2},"f":{"0":3},"b":{"0":[0,1],"1":[1],"2":[1,0,0,2]},"_coverageSchema":"1a1c01bbd47fc00a2c39e90264f33305004495a9","hash":"71c62d1ec393e0f152769b47872fb9bbebc6c0c8"}
,"/Users/sbose6/Documents/banking-assignment/src/Saga/PostSaga.tsx": {"path":"/Users/sbose6/Documents/banking-assignment/src/Saga/PostSaga.tsx","statementMap":{"0":{"start":{"line":9,"column":26},"end":{"line":29,"column":3}},"1":{"start":{"line":11,"column":6},"end":{"line":28,"column":7}},"2":{"start":{"line":13,"column":20},"end":{"line":22,"column":12}},"3":{"start":{"line":23,"column":10},"end":{"line":23,"column":23}},"4":{"start":{"line":27,"column":8},"end":{"line":27,"column":15}},"5":{"start":{"line":32,"column":4},"end":{"line":32,"column":38}},"6":{"start":{"line":39,"column":4},"end":{"line":49,"column":5}},"7":{"start":{"line":41,"column":4},"end":{"line":41,"column":28}},"8":{"start":{"line":42,"column":21},"end":{"line":42,"column":55}},"9":{"start":{"line":47,"column":8},"end":{"line":47,"column":22}},"10":{"start":{"line":48,"column":8},"end":{"line":48,"column":15}}},"fnMap":{"0":{"name":"(anonymous_0)","decl":{"start":{"line":9,"column":26},"end":{"line":9,"column":27}},"loc":{"start":{"line":10,"column":2},"end":{"line":29,"column":3}},"line":10},"1":{"name":"PostSaga","decl":{"start":{"line":30,"column":10},"end":{"line":30,"column":18}},"loc":{"start":{"line":31,"column":0},"end":{"line":33,"column":1}},"line":31},"2":{"name":"PostData","decl":{"start":{"line":37,"column":10},"end":{"line":37,"column":18}},"loc":{"start":{"line":38,"column":0},"end":{"line":50,"column":1}},"line":38}},"branchMap":{},"s":{"0":1,"1":0,"2":0,"3":0,"4":0,"5":1,"6":0,"7":0,"8":0,"9":0,"10":0},"f":{"0":0,"1":1,"2":0},"b":{},"_coverageSchema":"1a1c01bbd47fc00a2c39e90264f33305004495a9","hash":"14a856dba0ab93968ab775f1bb460ddf5ffac200"}
,"/Users/sbose6/Documents/banking-assignment/src/Saga/ProductSaga.tsx": {"path":"/Users/sbose6/Documents/banking-assignment/src/Saga/ProductSaga.tsx","statementMap":{"0":{"start":{"line":11,"column":13},"end":{"line":11,"column":57}},"1":{"start":{"line":12,"column":4},"end":{"line":12,"column":28}},"2":{"start":{"line":13,"column":4},"end":{"line":13,"column":21}},"3":{"start":{"line":14,"column":4},"end":{"line":14,"column":35}},"4":{"start":{"line":20,"column":3},"end":{"line":20,"column":36}}},"fnMap":{"0":{"name":"getDetails","decl":{"start":{"line":9,"column":17},"end":{"line":9,"column":27}},"loc":{"start":{"line":10,"column":0},"end":{"line":16,"column":1}},"line":10},"1":{"name":"ProductSaga","decl":{"start":{"line":18,"column":10},"end":{"line":18,"column":21}},"loc":{"start":{"line":19,"column":0},"end":{"line":21,"column":1}},"line":19}},"branchMap":{},"s":{"0":1,"1":1,"2":1,"3":1,"4":1},"f":{"0":1,"1":1},"b":{},"_coverageSchema":"1a1c01bbd47fc00a2c39e90264f33305004495a9","hash":"c12adc2ed7d35334be5ca111e284a77d8dddc342"}
,"/Users/sbose6/Documents/banking-assignment/src/Store/Store.tsx": {"path":"/Users/sbose6/Documents/banking-assignment/src/Store/Store.tsx","statementMap":{"0":{"start":{"line":13,"column":4},"end":{"line":16,"column":7}},"1":{"start":{"line":18,"column":19},"end":{"line":18,"column":41}},"2":{"start":{"line":20,"column":14},"end":{"line":26,"column":2}},"3":{"start":{"line":24,"column":8},"end":{"line":24,"column":74}},"4":{"start":{"line":31,"column":0},"end":{"line":31,"column":24}}},"fnMap":{"0":{"name":"rootSaga","decl":{"start":{"line":12,"column":17},"end":{"line":12,"column":25}},"loc":{"start":{"line":12,"column":28},"end":{"line":17,"column":3}},"line":12},"1":{"name":"(anonymous_1)","decl":{"start":{"line":22,"column":15},"end":{"line":22,"column":16}},"loc":{"start":{"line":24,"column":8},"end":{"line":24,"column":74}},"line":24}},"branchMap":{},"s":{"0":1,"1":1,"2":1,"3":1,"4":1},"f":{"0":1,"1":1},"b":{},"_coverageSchema":"1a1c01bbd47fc00a2c39e90264f33305004495a9","hash":"065a37ec0b69ecdc81bd31372f26b95ba87ad31d"}
}
