TN:
SF:src/App.tsx
FN:12,App
FNF:1
FNH:1
FNDA:1,App
DA:14,1
LF:1
LH:1
BRF:0
BRH:0
end_of_record
TN:
SF:src/index.tsx
FNF:0
FNH:0
DA:14,0
DA:17,0
DA:26,0
LF:3
LH:0
BRF:0
BRH:0
end_of_record
TN:
SF:src/jest.config.js
FNF:0
FNH:0
DA:1,0
LF:1
LH:0
BRF:0
BRH:0
end_of_record
TN:
SF:src/reportWebVitals.ts
FN:3,(anonymous_0)
FN:5,(anonymous_1)
FNF:2
FNH:0
FNDA:0,(anonymous_0)
FNDA:0,(anonymous_1)
DA:3,0
DA:4,0
DA:5,0
DA:6,0
DA:7,0
DA:8,0
DA:9,0
DA:10,0
LF:8
LH:0
BRDA:4,0,0,0
BRDA:4,0,1,0
BRDA:4,1,0,0
BRDA:4,1,1,0
BRF:4
BRH:0
end_of_record
TN:
SF:src/Actions/Actions.tsx
FN:6,(anonymous_0)
FN:13,(anonymous_1)
FN:22,(anonymous_2)
FN:30,(anonymous_3)
FNF:4
FNH:1
FNDA:1,(anonymous_0)
FNDA:0,(anonymous_1)
FNDA:0,(anonymous_2)
FNDA:0,(anonymous_3)
DA:6,1
DA:8,1
DA:13,1
DA:15,0
DA:22,1
DA:24,0
DA:30,1
DA:32,0
LF:8
LH:5
BRF:0
BRH:0
end_of_record
TN:
SF:src/Actions/constant.tsx
FNF:0
FNH:0
DA:1,1
DA:2,1
DA:3,1
DA:4,1
DA:5,1
DA:6,1
DA:7,1
LF:7
LH:7
BRF:0
BRH:0
end_of_record
TN:
SF:src/Components/SideNav.tsx
FN:12,(anonymous_0)
FN:14,(anonymous_1)
FN:15,(anonymous_2)
FN:32,(anonymous_3)
FN:33,(anonymous_4)
FNF:5
FNH:3
FNDA:2,(anonymous_0)
FNDA:3,(anonymous_1)
FNDA:3,(anonymous_2)
FNDA:0,(anonymous_3)
FNDA:0,(anonymous_4)
DA:12,1
DA:14,3
DA:15,3
DA:17,2
DA:18,2
DA:19,2
DA:20,2
DA:32,0
DA:33,0
LF:9
LH:7
BRDA:20,0,0,0
BRDA:20,0,1,2
BRF:2
BRH:1
end_of_record
TN:
SF:src/Pages/Credit.tsx
FN:22,(anonymous_0)
FN:26,(anonymous_1)
FN:30,(anonymous_2)
FN:47,(anonymous_3)
FN:70,(anonymous_4)
FNF:5
FNH:0
FNDA:0,(anonymous_0)
FNDA:0,(anonymous_1)
FNDA:0,(anonymous_2)
FNDA:0,(anonymous_3)
FNDA:0,(anonymous_4)
DA:22,1
DA:23,0
DA:24,0
DA:26,0
DA:27,0
DA:30,0
DA:32,0
DA:34,0
DA:35,0
DA:38,0
DA:41,0
DA:44,0
DA:48,0
DA:49,0
DA:71,0
DA:72,0
DA:73,0
DA:74,0
LF:18
LH:1
BRDA:73,0,0,0
BRDA:73,0,1,0
BRF:2
BRH:0
end_of_record
TN:
SF:src/Pages/Debit.tsx
FN:26,(anonymous_0)
FN:30,(anonymous_1)
FN:35,(anonymous_2)
FN:51,(anonymous_3)
FN:62,(anonymous_4)
FNF:5
FNH:0
FNDA:0,(anonymous_0)
FNDA:0,(anonymous_1)
FNDA:0,(anonymous_2)
FNDA:0,(anonymous_3)
FNDA:0,(anonymous_4)
DA:26,1
DA:27,0
DA:28,0
DA:30,0
DA:32,0
DA:35,0
DA:39,0
DA:40,0
DA:41,0
DA:44,0
DA:46,0
DA:49,0
DA:52,0
DA:53,0
DA:62,0
DA:63,0
DA:64,0
LF:17
LH:1
BRDA:63,0,0,0
BRDA:63,0,1,0
BRF:2
BRH:0
end_of_record
TN:
SF:src/Pages/Home.tsx
FN:18,(anonymous_0)
FN:23,(anonymous_1)
FN:25,(anonymous_2)
FN:28,(anonymous_3)
FN:34,(anonymous_4)
FN:35,(anonymous_5)
FN:68,(anonymous_6)
FNF:7
FNH:3
FNDA:2,(anonymous_0)
FNDA:3,(anonymous_1)
FNDA:0,(anonymous_2)
FNDA:2,(anonymous_3)
FNDA:0,(anonymous_4)
FNDA:0,(anonymous_5)
FNDA:0,(anonymous_6)
DA:18,1
DA:20,2
DA:21,2
DA:22,2
DA:23,3
DA:24,2
DA:25,2
DA:26,0
DA:28,2
DA:29,2
DA:30,1
DA:31,1
DA:34,2
DA:35,0
DA:37,2
DA:38,2
DA:69,0
LF:17
LH:14
BRDA:29,0,0,1
BRDA:29,0,1,1
BRDA:29,1,0,2
BRDA:29,1,1,2
BRF:4
BRH:4
end_of_record
TN:
SF:src/Reducers/Reducer.tsx
FN:34,(anonymous_0)
FNF:1
FNH:1
FNDA:3,(anonymous_0)
DA:25,1
DA:26,1
DA:34,1
DA:36,3
DA:39,1
DA:40,1
DA:44,0
DA:52,0
DA:53,0
DA:54,0
DA:55,0
DA:62,0
DA:63,0
DA:64,0
DA:72,2
LF:15
LH:7
BRDA:28,0,0,0
BRDA:28,0,1,1
BRDA:34,1,0,1
BRDA:36,2,0,1
BRDA:36,2,1,0
BRDA:36,2,2,0
BRDA:36,2,3,2
BRF:7
BRH:4
end_of_record
TN:
SF:src/Saga/PostSaga.tsx
FN:9,(anonymous_0)
FN:30,PostSaga
FN:37,PostData
FNF:3
FNH:1
FNDA:0,(anonymous_0)
FNDA:1,PostSaga
FNDA:0,PostData
DA:9,1
DA:11,0
DA:13,0
DA:23,0
DA:27,0
DA:32,1
DA:39,0
DA:41,0
DA:42,0
DA:47,0
DA:48,0
LF:11
LH:2
BRF:0
BRH:0
end_of_record
TN:
SF:src/Saga/ProductSaga.tsx
FN:9,getDetails
FN:18,ProductSaga
FNF:2
FNH:2
FNDA:1,getDetails
FNDA:1,ProductSaga
DA:11,1
DA:12,1
DA:13,1
DA:14,1
DA:20,1
LF:5
LH:5
BRF:0
BRH:0
end_of_record
TN:
SF:src/Store/Store.tsx
FN:12,rootSaga
FN:22,(anonymous_1)
FNF:2
FNH:2
FNDA:1,rootSaga
FNDA:1,(anonymous_1)
DA:13,1
DA:18,1
DA:20,1
DA:24,1
DA:31,1
LF:5
LH:5
BRF:0
BRH:0
end_of_record
